{"/Users/harryfox/Projects/js/tt_bank/lib/account.js": {"path":"/Users/harryfox/Projects/js/tt_bank/lib/account.js","statementMap":{"0":{"start":{"line":1,"column":20},"end":{"line":1,"column":44}},"1":{"start":{"line":5,"column":2},"end":{"line":5,"column":19}},"2":{"start":{"line":6,"column":2},"end":{"line":6,"column":19}},"3":{"start":{"line":10,"column":2},"end":{"line":10,"column":32}},"4":{"start":{"line":11,"column":2},"end":{"line":11,"column":63}},"5":{"start":{"line":12,"column":2},"end":{"line":12,"column":37}},"6":{"start":{"line":16,"column":17},"end":{"line":16,"column":53}},"7":{"start":{"line":17,"column":21},"end":{"line":17,"column":23}},"8":{"start":{"line":19,"column":10},"end":{"line":19,"column":28}},"9":{"start":{"line":20,"column":2},"end":{"line":29,"column":3}},"10":{"start":{"line":22,"column":4},"end":{"line":23,"column":45}},"11":{"start":{"line":24,"column":29},"end":{"line":25,"column":47}},"12":{"start":{"line":26,"column":3},"end":{"line":28,"column":5}},"13":{"start":{"line":30,"column":2},"end":{"line":30,"column":42}},"14":{"start":{"line":34,"column":0},"end":{"line":34,"column":25}}},"fnMap":{"0":{"name":"(anonymous_0)","decl":{"start":{"line":4,"column":1},"end":{"line":4,"column":2}},"loc":{"start":{"line":4,"column":15},"end":{"line":7,"column":2}},"line":4},"1":{"name":"(anonymous_1)","decl":{"start":{"line":9,"column":1},"end":{"line":9,"column":2}},"loc":{"start":{"line":9,"column":18},"end":{"line":13,"column":2}},"line":9},"2":{"name":"(anonymous_2)","decl":{"start":{"line":15,"column":1},"end":{"line":15,"column":2}},"loc":{"start":{"line":15,"column":9},"end":{"line":31,"column":2}},"line":15}},"branchMap":{"0":{"loc":{"start":{"line":22,"column":4},"end":{"line":23,"column":45}},"type":"cond-expr","locations":[{"start":{"line":22,"column":35},"end":{"line":22,"column":38}},{"start":{"line":23,"column":5},"end":{"line":23,"column":45}}],"line":22},"1":{"loc":{"start":{"line":24,"column":29},"end":{"line":25,"column":47}},"type":"cond-expr","locations":[{"start":{"line":24,"column":63},"end":{"line":24,"column":66}},{"start":{"line":25,"column":4},"end":{"line":25,"column":47}}],"line":24}},"s":{"0":2,"1":12,"2":12,"3":16,"4":16,"5":16,"6":4,"7":4,"8":4,"9":4,"10":8,"11":8,"12":8,"13":4,"14":2},"f":{"0":12,"1":16,"2":4},"b":{"0":[4,4],"1":[4,4]},"_coverageSchema":"1a1c01bbd47fc00a2c39e90264f33305004495a9","hash":"91d0d650a900810d2fb44356cfab0e27850e2f89"}
,"/Users/harryfox/Projects/js/tt_bank/lib/transaction.js": {"path":"/Users/harryfox/Projects/js/tt_bank/lib/transaction.js","statementMap":{"0":{"start":{"line":3,"column":2},"end":{"line":3,"column":25}},"1":{"start":{"line":4,"column":2},"end":{"line":4,"column":31}},"2":{"start":{"line":5,"column":2},"end":{"line":14,"column":6}},"3":{"start":{"line":10,"column":6},"end":{"line":10,"column":68}},"4":{"start":{"line":13,"column":3},"end":{"line":13,"column":47}},"5":{"start":{"line":18,"column":0},"end":{"line":18,"column":29}}},"fnMap":{"0":{"name":"(anonymous_0)","decl":{"start":{"line":2,"column":1},"end":{"line":2,"column":2}},"loc":{"start":{"line":2,"column":34},"end":{"line":15,"column":2}},"line":2}},"branchMap":{"0":{"loc":{"start":{"line":5,"column":2},"end":{"line":14,"column":6}},"type":"if","locations":[{"start":{"line":5,"column":2},"end":{"line":14,"column":6}},{"start":{"line":12,"column":7},"end":{"line":14,"column":6}}],"line":5},"1":{"loc":{"start":{"line":6,"column":3},"end":{"line":8,"column":34}},"type":"binary-expr","locations":[{"start":{"line":6,"column":4},"end":{"line":6,"column":20}},{"start":{"line":6,"column":24},"end":{"line":6,"column":43}},{"start":{"line":7,"column":4},"end":{"line":7,"column":25}},{"start":{"line":7,"column":29},"end":{"line":7,"column":53}},{"start":{"line":8,"column":4},"end":{"line":8,"column":15}},{"start":{"line":8,"column":19},"end":{"line":8,"column":33}}],"line":6}},"s":{"0":16,"1":16,"2":16,"3":6,"4":10,"5":3},"f":{"0":16},"b":{"0":[6,10],"1":[16,14,13,11,10,10]},"_coverageSchema":"1a1c01bbd47fc00a2c39e90264f33305004495a9","hash":"fea70531de8ccb55409a7b52525f45ce5cc091c5"}
}
