TN:
SF:lib/account.js
FN:4,(anonymous_0)
FN:9,(anonymous_1)
FN:15,(anonymous_2)
FNF:3
FNH:3
FNDA:12,(anonymous_0)
FNDA:16,(anonymous_1)
FNDA:4,(anonymous_2)
DA:1,2
DA:5,12
DA:6,12
DA:10,16
DA:11,16
DA:12,16
DA:16,4
DA:17,4
DA:19,4
DA:20,4
DA:22,8
DA:24,8
DA:26,8
DA:30,4
DA:34,2
LF:15
LH:15
BRDA:22,0,0,4
BRDA:22,0,1,4
BRDA:24,1,0,4
BRDA:24,1,1,4
BRF:4
BRH:4
end_of_record
TN:
SF:lib/transaction.js
FN:2,(anonymous_0)
FNF:1
FNH:1
FNDA:16,(anonymous_0)
DA:3,16
DA:4,16
DA:5,16
DA:10,6
DA:13,10
DA:18,3
LF:6
LH:6
BRDA:5,0,0,6
BRDA:5,0,1,10
BRDA:6,1,0,16
BRDA:6,1,1,14
BRDA:6,1,2,13
BRDA:6,1,3,11
BRDA:6,1,4,10
BRDA:6,1,5,10
BRF:8
BRH:8
end_of_record
