TN:
SF:lib/account.js
FN:4,(anonymous_0)
FN:9,(anonymous_1)
FN:15,(anonymous_2)
FNF:3
FNH:3
FNDA:6,(anonymous_0)
FNDA:8,(anonymous_1)
FNDA:2,(anonymous_2)
DA:1,1
DA:5,6
DA:6,6
DA:10,8
DA:11,8
DA:12,8
DA:16,2
DA:17,2
DA:18,2
DA:19,2
DA:21,4
DA:25,4
DA:28,4
DA:36,2
DA:38,2
DA:42,1
LF:16
LH:16
BRDA:21,0,0,2
BRDA:21,0,1,2
BRDA:25,1,0,2
BRDA:25,1,1,2
BRF:4
BRH:4
end_of_record
TN:
SF:lib/transaction.js
FN:2,(anonymous_0)
FNF:1
FNH:1
FNDA:4,(anonymous_0)
DA:3,4
DA:4,4
DA:5,4
DA:6,1
DA:8,3
DA:9,3
DA:14,2
LF:7
LH:7
BRDA:5,0,0,1
BRDA:5,0,1,3
BRDA:5,1,0,4
BRDA:5,1,1,1
BRF:4
BRH:4
end_of_record
